{
  "/app/testdata/sample-javascript/src/calc.ts": {
    "path": "/app/testdata/sample-javascript/src/calc.ts",
    "statementMap": {
      "0": {
        "start": {
          "line": 1
        },
        "end": {
          "line": 3
        }
      },
      "1": {
        "start": {
          "line": 5
        },
        "end": {
          "line": 7
        }
      },
      "2": {
        "start": {
          "line": 9
        },
        "end": {
          "line": 13
        }
      }
    },
    "s": {
      "0": 1,
      "1": 1,
      "2": 0
    }
  }
}
